\BOOKMARK [-1][-]{part.1}{I Contexto}{}% 1
\BOOKMARK [0][-]{chapter.1}{Proyecto}{part.1}% 2
\BOOKMARK [1][-]{section.1.1}{Objetivos del Proyecto}{chapter.1}% 3
\BOOKMARK [2][-]{subsection.1.1.1}{Objetivo General}{section.1.1}% 4
\BOOKMARK [2][-]{subsection.1.1.2}{Objetivos Espec\355ficos}{section.1.1}% 5
\BOOKMARK [0][-]{chapter.2}{Metodologia}{part.1}% 6
\BOOKMARK [-1][-]{part.2}{II Arquitecura}{}% 7
\BOOKMARK [0][-]{chapter.3}{Organizacion}{part.2}% 8
\BOOKMARK [1][-]{section.3.1}{Misi\363n}{chapter.3}% 9
\BOOKMARK [1][-]{section.3.2}{Visi\363n}{chapter.3}% 10
\BOOKMARK [1][-]{section.3.3}{Estructura Organizacional}{chapter.3}% 11
\BOOKMARK [1][-]{section.3.4}{Funciones de Negocio y Manual de funciones}{chapter.3}% 12
\BOOKMARK [2][-]{subsubsection.3.4.0.1}{Recursos humanos}{section.3.4}% 13
\BOOKMARK [3][-]{subsubsection.3.4.0.2}{Gerencia}{subsubsection.3.4.0.1}% 14
\BOOKMARK [3][-]{subsubsection.3.4.0.3}{Seguridad}{subsubsection.3.4.0.1}% 15
\BOOKMARK [3][-]{subsubsection.3.4.0.4}{Tesorer\355a}{subsubsection.3.4.0.1}% 16
\BOOKMARK [3][-]{subsubsection.3.4.0.5}{Administrativo y contable}{subsubsection.3.4.0.1}% 17
\BOOKMARK [3][-]{subsubsection.3.4.0.6}{Ventas y mercadotecnia}{subsubsection.3.4.0.1}% 18
\BOOKMARK [1][-]{section.3.5}{Procesos de Negocio}{chapter.3}% 19
\BOOKMARK [1][-]{section.3.6}{Objetivos}{chapter.3}% 20
\BOOKMARK [2][-]{subsection.3.6.1}{Organizacionales}{section.3.6}% 21
\BOOKMARK [2][-]{subsection.3.6.2}{Operacionales}{section.3.6}% 22
\BOOKMARK [2][-]{subsection.3.6.3}{Misionales}{section.3.6}% 23
\BOOKMARK [2][-]{subsection.3.6.4}{Estrat\351gicos}{section.3.6}% 24
\BOOKMARK [1][-]{section.3.7}{Valores Organizacionales}{chapter.3}% 25
\BOOKMARK [2][-]{subsection.3.7.1}{Amabilidad:}{section.3.7}% 26
\BOOKMARK [2][-]{subsection.3.7.2}{Cumplimiento:}{section.3.7}% 27
\BOOKMARK [2][-]{subsection.3.7.3}{Seguridad:}{section.3.7}% 28
\BOOKMARK [2][-]{subsection.3.7.4}{Respeto:}{section.3.7}% 29
\BOOKMARK [2][-]{subsection.3.7.5}{Honestidad:}{section.3.7}% 30
\BOOKMARK [0][-]{chapter.4}{Achimate -ADM}{part.2}% 31
\BOOKMARK [1][-]{section.4.1}{TOGAF}{chapter.4}% 32
\BOOKMARK [2][-]{subsection.4.1.1}{Resumen: capa de negocio}{section.4.1}% 33
\BOOKMARK [2][-]{subsection.4.1.2}{Resumen: capa de aplicaci\363n}{section.4.1}% 34
\BOOKMARK [2][-]{subsection.4.1.3}{Resumen: capa de motivaci\363n}{section.4.1}% 35
\BOOKMARK [2][-]{subsection.4.1.4}{Resumen: capa de proyecto}{section.4.1}% 36
\BOOKMARK [2][-]{subsection.4.1.5}{Resumen: capa de tecnologia}{section.4.1}% 37
\BOOKMARK [2][-]{subsection.4.1.6}{Resumen Relaciones}{section.4.1}% 38
\BOOKMARK [3][-]{subsubsection.4.1.6.1}{Relaciones Estructurales}{subsection.4.1.6}% 39
\BOOKMARK [3][-]{subsubsection.4.1.6.2}{Relaciones Din\341micas}{subsection.4.1.6}% 40
\BOOKMARK [3][-]{subsubsection.4.1.6.3}{Otras Relaciones}{subsection.4.1.6}% 41
\BOOKMARK [0][-]{chapter.5}{Negocio}{part.2}% 42
\BOOKMARK [1][-]{section.5.1}{Introducci\363n}{chapter.5}% 43
\BOOKMARK [1][-]{section.5.2}{Punto de Vista de Organizaci\363n}{chapter.5}% 44
\BOOKMARK [2][-]{subsection.5.2.1}{Descripci\363n}{section.5.2}% 45
\BOOKMARK [3][-]{subsubsection.5.2.1.1}{Metamodelo}{subsection.5.2.1}% 46
\BOOKMARK [3][-]{subsubsection.5.2.1.2}{Caso de Estudio}{subsection.5.2.1}% 47
\BOOKMARK [1][-]{section.5.3}{Punto de Vista de Cooperaci\363n de Actor}{chapter.5}% 48
\BOOKMARK [2][-]{subsection.5.3.1}{Descripci\363n}{section.5.3}% 49
\BOOKMARK [3][-]{subsubsection.5.3.1.1}{Metamodelo}{subsection.5.3.1}% 50
\BOOKMARK [3][-]{subsubsection.5.3.1.2}{Caso de Estudio}{subsection.5.3.1}% 51
\BOOKMARK [1][-]{section.5.4}{Punto de Vista de Funci\363n de Negocio}{chapter.5}% 52
\BOOKMARK [2][-]{subsection.5.4.1}{Descripci\363n}{section.5.4}% 53
\BOOKMARK [3][-]{subsubsection.5.4.1.1}{Metamodelo}{subsection.5.4.1}% 54
\BOOKMARK [3][-]{subsubsection.5.4.1.2}{Caso de Estudio}{subsection.5.4.1}% 55
\BOOKMARK [1][-]{section.5.5}{Punto de Vista de Proceso de Negocio}{chapter.5}% 56
\BOOKMARK [2][-]{subsection.5.5.1}{Descripci\363n}{section.5.5}% 57
\BOOKMARK [3][-]{subsubsection.5.5.1.1}{Metamodelo}{subsection.5.5.1}% 58
\BOOKMARK [3][-]{subsubsection.5.5.1.2}{Caso de Estudio}{subsection.5.5.1}% 59
\BOOKMARK [1][-]{section.5.6}{Punto de vista de Cooperaci\363n de procesos de negocio.}{chapter.5}% 60
\BOOKMARK [2][-]{subsection.5.6.1}{Descripci\363n}{section.5.6}% 61
\BOOKMARK [3][-]{subsubsection.5.6.1.1}{Metamodelo}{subsection.5.6.1}% 62
\BOOKMARK [3][-]{subsubsection.5.6.1.2}{Caso de Estudio}{subsection.5.6.1}% 63
\BOOKMARK [1][-]{section.5.7}{Punto de Vista de Producto}{chapter.5}% 64
\BOOKMARK [2][-]{subsection.5.7.1}{Descripci\363n}{section.5.7}% 65
\BOOKMARK [3][-]{subsubsection.5.7.1.1}{Metamodelo}{subsection.5.7.1}% 66
\BOOKMARK [3][-]{subsubsection.5.7.1.2}{Caso de Estudio}{subsection.5.7.1}% 67
\BOOKMARK [0][-]{chapter.6}{Aplicaci\363n}{part.2}% 68
\BOOKMARK [0][-]{chapter.7}{Capa de Aplicaci\363n}{part.2}% 69
\BOOKMARK [1][-]{section.7.1}{Introducci\363n}{chapter.7}% 70
\BOOKMARK [1][-]{section.7.2}{Punto de Vista de Comportamiento de Aplicaci\363n}{chapter.7}% 71
\BOOKMARK [2][-]{subsection.7.2.1}{Descripci\363n}{section.7.2}% 72
\BOOKMARK [3][-]{subsubsection.7.2.1.1}{Metamodelo}{subsection.7.2.1}% 73
\BOOKMARK [3][-]{subsubsection.7.2.1.2}{Caso de Estudio}{subsection.7.2.1}% 74
\BOOKMARK [1][-]{section.7.3}{Punto de Vista de Cooperaci\363n de Aplicaci\363n}{chapter.7}% 75
\BOOKMARK [2][-]{subsection.7.3.1}{Descripci\363n}{section.7.3}% 76
\BOOKMARK [3][-]{subsubsection.7.3.1.1}{Metamodelo}{subsection.7.3.1}% 77
\BOOKMARK [3][-]{subsubsection.7.3.1.2}{Caso de Estudio}{subsection.7.3.1}% 78
\BOOKMARK [1][-]{section.7.4}{Punto de Vista de Uso de Aplicaci\363n}{chapter.7}% 79
\BOOKMARK [2][-]{subsection.7.4.1}{Descripci\363n}{section.7.4}% 80
\BOOKMARK [3][-]{subsubsection.7.4.1.1}{Metamodelo}{subsection.7.4.1}% 81
\BOOKMARK [3][-]{subsubsection.7.4.1.2}{Caso de Estudio}{subsection.7.4.1}% 82
\BOOKMARK [1][-]{section.7.5}{Punto de vista de Estructura de Aplicaci\363n}{chapter.7}% 83
\BOOKMARK [2][-]{subsection.7.5.1}{Descripci\363n}{section.7.5}% 84
\BOOKMARK [3][-]{subsubsection.7.5.1.1}{Metamodelo}{subsection.7.5.1}% 85
\BOOKMARK [3][-]{subsubsection.7.5.1.2}{Caso de Estudio}{subsection.7.5.1}% 86
\BOOKMARK [0][-]{chapter.8}{Tecnolog\355a}{part.2}% 87
\BOOKMARK [0][-]{chapter.9}{Capa de Tecnologia}{part.2}% 88
\BOOKMARK [1][-]{section.9.1}{Introducci\363n}{chapter.9}% 89
\BOOKMARK [1][-]{section.9.2}{Punto de Vista de Infraestructura}{chapter.9}% 90
\BOOKMARK [2][-]{subsection.9.2.1}{Descripci\363n}{section.9.2}% 91
\BOOKMARK [3][-]{subsubsection.9.2.1.1}{Caso de Estudio}{subsection.9.2.1}% 92
\BOOKMARK [1][-]{section.9.3}{Punto de Vista de Uso de Infraestructura}{chapter.9}% 93
\BOOKMARK [2][-]{subsection.9.3.1}{Descripci\363n}{section.9.3}% 94
\BOOKMARK [3][-]{subsubsection.9.3.1.1}{Caso de Estudio}{subsection.9.3.1}% 95
\BOOKMARK [1][-]{section.9.4}{Punto de Vista de Organizaci\363n e implementaci\363n}{chapter.9}% 96
\BOOKMARK [2][-]{subsection.9.4.1}{Descripci\363n}{section.9.4}% 97
\BOOKMARK [3][-]{subsubsection.9.4.1.1}{Caso de Estudio}{subsection.9.4.1}% 98
\BOOKMARK [1][-]{section.9.5}{Punto de Vista de Estructura de informaci\363n}{chapter.9}% 99
\BOOKMARK [2][-]{subsection.9.5.1}{Descripci\363n}{section.9.5}% 100
\BOOKMARK [3][-]{subsubsection.9.5.1.1}{Caso de Estudio}{subsection.9.5.1}% 101
\BOOKMARK [1][-]{section.9.6}{Punto de Vista de Realizacion del Servicio}{chapter.9}% 102
\BOOKMARK [2][-]{subsection.9.6.1}{Descripci\363n}{section.9.6}% 103
\BOOKMARK [3][-]{subsubsection.9.6.1.1}{Caso de Estudio}{subsection.9.6.1}% 104
\BOOKMARK [1][-]{section.9.7}{Punto de Vista de Capas}{chapter.9}% 105
\BOOKMARK [2][-]{subsection.9.7.1}{Descripci\363n}{section.9.7}% 106
\BOOKMARK [3][-]{subsubsection.9.7.1.1}{Caso de Estudio}{subsection.9.7.1}% 107
\BOOKMARK [0][-]{chapter.10}{Motivaci\363n}{part.2}% 108
\BOOKMARK [0][-]{chapter.11}{Migraci\363n}{part.2}% 109
\BOOKMARK [-1][-]{part.3}{III Dise\361o}{}% 110
\BOOKMARK [0][-]{chapter.12}{Casos de USo}{part.3}% 111
\BOOKMARK [0][-]{chapter.13}{Interacciones}{part.3}% 112
\BOOKMARK [0][-]{chapter.14}{Clases}{part.3}% 113
\BOOKMARK [0][-]{chapter.15}{Estados}{part.3}% 114
\BOOKMARK [0][-]{chapter.16}{Actividades}{part.3}% 115
\BOOKMARK [0][-]{chapter.17}{Sistemas}{part.3}% 116
\BOOKMARK [0][-]{chapter.18}{Componentes}{part.3}% 117
\BOOKMARK [0][-]{chapter.19}{Nodos}{part.3}% 118
\BOOKMARK [0][-]{chapter.20}{Patrones GoF}{part.3}% 119
\BOOKMARK [-1][-]{part.4}{IV Reflexiones}{}% 120
\BOOKMARK [0][-]{chapter.21}{Conclusiones y Trabajos futuros}{part.4}% 121
